<?xml version="1.0" encoding="UTF-8"?>
<!-- Generated by org.testng.reporters.JUnitReportReporter -->
<testsuite hostname="MSDT011" failures="0" tests="4" name="tests.ResourcesPageTest" time="12.076" errors="0" timestamp="2022-03-21T13:45:17 IST" skipped="0">
  <testcase classname="tests.ResourcesPageTest" name="clickShowCaseTab" time="6.318"/>
  <system-out/>
  <testcase classname="tests.ResourcesPageTest" name="clickContactUsTab" time="2.269"/>
  <system-out/>
  <testcase classname="tests.ResourcesPageTest" name="clickOpenCartPartnersTab" time="2.087"/>
  <system-out/>
  <testcase classname="tests.ResourcesPageTest" name="clickOpenCartBooksTab" time="1.402"/>
  <system-out/>
</testsuite> <!-- tests.ResourcesPageTest -->
