<?xml version="1.0" encoding="UTF-8"?>
<!-- Generated by org.testng.reporters.JUnitReportReporter -->
<testsuite hostname="MSDT011" failures="0" tests="2" name="tests.AccountPageTest" time="8.223" errors="0" timestamp="2022-03-09T16:08:38 IST" skipped="0">
  <testcase classname="tests.AccountPageTest" name="verifyLoginPage" time="4.955"/>
  <system-out/>
  <testcase classname="tests.AccountPageTest" name="verifyEnterPIN" time="3.268"/>
  <system-out/>
</testsuite> <!-- tests.AccountPageTest -->
