<?xml version="1.0" encoding="UTF-8"?>
<!-- Generated by org.testng.reporters.JUnitReportReporter -->
<testsuite hostname="MSDT011" failures="0" tests="1" name="tests.LoginPageTest" time="3.069" errors="0" timestamp="2022-03-21T13:40:36 IST" skipped="0">
  <testcase classname="tests.LoginPageTest" name="verifyForgetPassLink" time="3.069"/>
  <system-out/>
</testsuite> <!-- tests.LoginPageTest -->
